{"C:\\Users\\relsa\\Downloads\\CS485-P2\\frontend\\src\\api\\apiClient.js": {"path":"C:\\Users\\relsa\\Downloads\\CS485-P2\\frontend\\src\\api\\apiClient.js","statementMap":{"0":{"start":{"line":9,"column":21},"end":{"line":9,"column":85}},"1":{"start":{"line":10,"column":17},"end":{"line":10,"column":57}},"2":{"start":{"line":11,"column":30},"end":{"line":11,"column":83}},"3":{"start":{"line":20,"column":14},"end":{"line":20,"column":42}},"4":{"start":{"line":22,"column":17},"end":{"line":28,"column":3}},"5":{"start":{"line":30,"column":19},"end":{"line":30,"column":43}},"6":{"start":{"line":32,"column":2},"end":{"line":38,"column":null}},"7":{"start":{"line":33,"column":17},"end":{"line":33,"column":56}},"8":{"start":{"line":33,"column":52},"end":{"line":33,"column":54}},"9":{"start":{"line":34,"column":16},"end":{"line":34,"column":70}},"10":{"start":{"line":35,"column":16},"end":{"line":35,"column":30}},"11":{"start":{"line":36,"column":4},"end":{"line":36,"column":null}},"12":{"start":{"line":37,"column":4},"end":{"line":37,"column":null}},"13":{"start":{"line":40,"column":2},"end":{"line":40,"column":null}},"14":{"start":{"line":50,"column":2},"end":{"line":53,"column":null}},"15":{"start":{"line":51,"column":4},"end":{"line":51,"column":null}},"16":{"start":{"line":52,"column":4},"end":{"line":52,"column":null}},"17":{"start":{"line":55,"column":2},"end":{"line":55,"column":null}},"18":{"start":{"line":56,"column":2},"end":{"line":69,"column":null}},"19":{"start":{"line":57,"column":17},"end":{"line":60,"column":6}},"20":{"start":{"line":62,"column":4},"end":{"line":62,"column":null}},"21":{"start":{"line":64,"column":4},"end":{"line":64,"column":null}},"22":{"start":{"line":65,"column":4},"end":{"line":65,"column":null}},"23":{"start":{"line":65,"column":31},"end":{"line":65,"column":null}},"24":{"start":{"line":67,"column":4},"end":{"line":67,"column":null}},"25":{"start":{"line":68,"column":4},"end":{"line":68,"column":null}},"26":{"start":{"line":79,"column":2},"end":{"line":82,"column":null}},"27":{"start":{"line":80,"column":4},"end":{"line":80,"column":null}},"28":{"start":{"line":81,"column":4},"end":{"line":81,"column":null}},"29":{"start":{"line":84,"column":2},"end":{"line":84,"column":null}},"30":{"start":{"line":85,"column":2},"end":{"line":98,"column":null}},"31":{"start":{"line":86,"column":17},"end":{"line":89,"column":6}},"32":{"start":{"line":91,"column":4},"end":{"line":91,"column":null}},"33":{"start":{"line":93,"column":4},"end":{"line":93,"column":null}},"34":{"start":{"line":94,"column":4},"end":{"line":94,"column":null}},"35":{"start":{"line":94,"column":31},"end":{"line":94,"column":null}},"36":{"start":{"line":96,"column":4},"end":{"line":96,"column":null}},"37":{"start":{"line":97,"column":4},"end":{"line":97,"column":null}}},"fnMap":{"0":{"name":"apiRequest","decl":{"start":{"line":19,"column":15},"end":{"line":19,"column":25}},"loc":{"start":{"line":19,"column":50},"end":{"line":41,"column":null}},"line":19},"1":{"name":"(anonymous_1)","decl":{"start":{"line":33,"column":45},"end":{"line":33,"column":46}},"loc":{"start":{"line":33,"column":52},"end":{"line":33,"column":54}},"line":33},"2":{"name":"generateIssues","decl":{"start":{"line":49,"column":22},"end":{"line":49,"column":36}},"loc":{"start":{"line":49,"column":61},"end":{"line":70,"column":null}},"line":49},"3":{"name":"publishIssues","decl":{"start":{"line":78,"column":22},"end":{"line":78,"column":35}},"loc":{"start":{"line":78,"column":58},"end":{"line":99,"column":null}},"line":78}},"branchMap":{"0":{"loc":{"start":{"line":9,"column":21},"end":{"line":9,"column":85}},"type":"binary-expr","locations":[{"start":{"line":9,"column":21},"end":{"line":9,"column":54}},{"start":{"line":9,"column":58},"end":{"line":9,"column":85}}],"line":9},"1":{"loc":{"start":{"line":19,"column":36},"end":{"line":19,"column":48}},"type":"default-arg","locations":[{"start":{"line":19,"column":46},"end":{"line":19,"column":48}}],"line":19},"2":{"loc":{"start":{"line":32,"column":2},"end":{"line":38,"column":null}},"type":"if","locations":[{"start":{"line":32,"column":2},"end":{"line":38,"column":null}},{"start":{},"end":{}}],"line":32},"3":{"loc":{"start":{"line":34,"column":16},"end":{"line":34,"column":70}},"type":"binary-expr","locations":[{"start":{"line":34,"column":16},"end":{"line":34,"column":28}},{"start":{"line":34,"column":32},"end":{"line":34,"column":42}},{"start":{"line":34,"column":46},"end":{"line":34,"column":55}},{"start":{"line":34,"column":59},"end":{"line":34,"column":70}}],"line":34},"4":{"loc":{"start":{"line":49,"column":47},"end":{"line":49,"column":59}},"type":"default-arg","locations":[{"start":{"line":49,"column":57},"end":{"line":49,"column":59}}],"line":49},"5":{"loc":{"start":{"line":50,"column":2},"end":{"line":53,"column":null}},"type":"if","locations":[{"start":{"line":50,"column":2},"end":{"line":53,"column":null}},{"start":{},"end":{}}],"line":50},"6":{"loc":{"start":{"line":65,"column":4},"end":{"line":65,"column":null}},"type":"if","locations":[{"start":{"line":65,"column":4},"end":{"line":65,"column":null}},{"start":{},"end":{}}],"line":65},"7":{"loc":{"start":{"line":78,"column":44},"end":{"line":78,"column":56}},"type":"default-arg","locations":[{"start":{"line":78,"column":54},"end":{"line":78,"column":56}}],"line":78},"8":{"loc":{"start":{"line":79,"column":2},"end":{"line":82,"column":null}},"type":"if","locations":[{"start":{"line":79,"column":2},"end":{"line":82,"column":null}},{"start":{},"end":{}}],"line":79},"9":{"loc":{"start":{"line":94,"column":4},"end":{"line":94,"column":null}},"type":"if","locations":[{"start":{"line":94,"column":4},"end":{"line":94,"column":null}},{"start":{},"end":{}}],"line":94}},"s":{"0":1,"1":1,"2":1,"3":6,"4":6,"5":6,"6":4,"7":2,"8":0,"9":2,"10":2,"11":2,"12":2,"13":2,"14":3,"15":0,"16":0,"17":3,"18":3,"19":3,"20":1,"21":2,"22":2,"23":0,"24":2,"25":2,"26":3,"27":0,"28":0,"29":3,"30":3,"31":3,"32":1,"33":2,"34":2,"35":0,"36":2,"37":2},"f":{"0":6,"1":0,"2":3,"3":3},"b":{"0":[1,1],"1":[6],"2":[2,2],"3":[2,1,0,0],"4":[3],"5":[0,3],"6":[0,2],"7":[3],"8":[0,3],"9":[0,2]},"meta":{"lastBranch":10,"lastFunction":4,"lastStatement":38,"seen":{"s:9:21:9:85":0,"b:9:21:9:54:9:58:9:85":0,"s:10:17:10:57":1,"s:11:30:11:83":2,"f:19:15:19:25":0,"b:19:46:19:48":1,"s:20:14:20:42":3,"s:22:17:28:3":4,"s:30:19:30:43":5,"b:32:2:38:Infinity:undefined:undefined:undefined:undefined":2,"s:32:2:38:Infinity":6,"s:33:17:33:56":7,"f:33:45:33:46":1,"s:33:52:33:54":8,"s:34:16:34:70":9,"b:34:16:34:28:34:32:34:42:34:46:34:55:34:59:34:70":3,"s:35:16:35:30":10,"s:36:4:36:Infinity":11,"s:37:4:37:Infinity":12,"s:40:2:40:Infinity":13,"f:49:22:49:36":2,"b:49:57:49:59":4,"b:50:2:53:Infinity:undefined:undefined:undefined:undefined":5,"s:50:2:53:Infinity":14,"s:51:4:51:Infinity":15,"s:52:4:52:Infinity":16,"s:55:2:55:Infinity":17,"s:56:2:69:Infinity":18,"s:57:17:60:6":19,"s:62:4:62:Infinity":20,"s:64:4:64:Infinity":21,"b:65:4:65:Infinity:undefined:undefined:undefined:undefined":6,"s:65:4:65:Infinity":22,"s:65:31:65:Infinity":23,"s:67:4:67:Infinity":24,"s:68:4:68:Infinity":25,"f:78:22:78:35":3,"b:78:54:78:56":7,"b:79:2:82:Infinity:undefined:undefined:undefined:undefined":8,"s:79:2:82:Infinity":26,"s:80:4:80:Infinity":27,"s:81:4:81:Infinity":28,"s:84:2:84:Infinity":29,"s:85:2:98:Infinity":30,"s:86:17:89:6":31,"s:91:4:91:Infinity":32,"s:93:4:93:Infinity":33,"b:94:4:94:Infinity:undefined:undefined:undefined:undefined":9,"s:94:4:94:Infinity":34,"s:94:31:94:Infinity":35,"s:96:4:96:Infinity":36,"s:97:4:97:Infinity":37}}}
}
